<?xml version="1.0" encoding="UTF-8"?>
<!-- Generated by org.testng.reporters.JUnitReportReporter -->
<testsuite hostname="DESKTOP-5GVS9MG" failures="0" tests="3" name="SelenideTests" time="24.569" errors="0" timestamp="09 სექ 2022 09:48:14 GMT" skipped="0">
  <testcase classname="SelenideTests" name="checkBox" time="8.600"/>
  <testcase classname="SelenideTests" name="dropDown" time="0.422"/>
  <testcase classname="SelenideTests" name="textBox" time="15.547"/>
</testsuite> <!-- SelenideTests -->
